INFO:root:The HCMV genome (EF999921) has 168 CDS.
INFO:root:target_id	test_stat	pval	qval

INFO:root:['ABV71604.1']	14.8058411981326	0.000119165822532827	0.011709655095944

INFO:root:['ABV71622.1']	14.4989808613046	0.000140235390370587	0.011709655095944

INFO:root:['ABV71560.1']	13.0094855846134	0.000309917067310461	0.0154298299168197

INFO:root:['ABV71652.1']	12.6800546681837	0.000369576764474724	0.0154298299168197

INFO:root:['ABV71626.1']	11.81327694756	0.000588098324890902	0.0172288429393279

INFO:root:['ABV71651.1']	11.4693832218598	0.000707521580636368	0.0172288429393279

INFO:root:['ABV71646.1']	11.4313111444213	0.000722167069313144	0.0172288429393279

INFO:root:['ABV71649.1']	11.1497507934697	0.000840429625634109	0.017543968435112

INFO:root:['ABV71561.1']	10.4406449553709	0.0012327221795746	0.022873844887662

INFO:root:['ABV71595.1']	10.0085965786691	0.00155811209848098	0.0260204720446324

INFO:root:['ABV71519.1']	8.64357524364805	0.00328216706663311	0.0440894851157909

INFO:root:['ABV71596.1']	8.5711514555594	0.0034153109543182	0.0440894851157909

INFO:root:['ABV71506.1']	8.40172377108085	0.00374865375680821	0.0440894851157909

INFO:root:['ABV71607.1']	8.35147589284853	0.00385374172732644	0.0440894851157909

INFO:root:['ABV71635.1']	8.30200502085966	0.00396013339363391	0.0440894851157909

INFO:root:['ABV71507.1']	7.96945406908004	0.00475732844864216	0.0496546156827026

INFO:root:Donor 1 (2dpi) had 2259287 read pairs before Bowtie2 filtering and 1312790 read pairs after.
INFO:root:Donor 1 (6dpi) had 2004530 read pairs before Bowtie2 filtering and 1041195 read pairs after.
INFO:root:Donor 3 (2dpi) had 2730258 read pairs before Bowtie2 filtering and 1764133 read pairs after.
INFO:root:Donor 3 (6dpi) had 2476889 read pairs before Bowtie2 filtering and 1216629 read pairs after.
INFO:root:spades -k 55,77,99,127 -t 2 --only-assembler --pe1-1 SRR5660030.1_mapped.1.fq --pe1-2 SRR5660030.1_mapped.2.fq --pe2-1 SRR5660033.1_mapped.1.fq --pe2-2 SRR5660033.1_mapped.2.fq --pe3-1 SRR5660044.1_mapped.1.fq  --pe3-2 SRR5660044.1_mapped.2.fq --pe4-1 SRR5660045.1_mapped.1.fq --pe4-2 SRR5660045.1_mapped.2.fq -o hcmv_assembly/
INFO:root:There are 65 contigs > 1000 bp in the assembly.
INFO:root:There are 133317 bp in the assembly.
INFO:root:sacc	pident	length	qstart	qend	sstart	send	bitscore	evalue	stitle
INFO:root:KF297339.1	100.000	6753	2	6754	71799	65047	12471	0.0	KF297339.1 Human herpesvirus 5 strain TB40/E clone Lisa	[' complete genome']
INFO:root:EF999921.1	100.000	6753	2	6754	103840	97088	12471	0.0	EF999921.1 Human herpesvirus 5 strain TB40/E clone TB40-BAC4	[' complete sequence']
INFO:root:MT070140.1	100.000	6753	2	6754	71570	64818	12471	0.0	MT070140.1 UNVERIFIED: Human betaherpesvirus 5 isolate P10	[' complete genome']
INFO:root:MT044484.1	99.985	6753	2	6754	71151	64399	12466	0.0	MT044484.1 Human betaherpesvirus 5 strain HAN-SOT4	[' complete genome']
INFO:root:KX544839.1	99.970	6753	2	6754	103819	97069	12458	0.0	KX544839.1 Human herpesvirus 5 isolate TB40-E_UNC	[' complete genome']
INFO:root:KT726951.2	99.941	6753	2	6754	71290	64538	12449	0.0	KT726951.2 Human betaherpesvirus 5 strain UK/Lon8/Urine/2012	[' complete genome']
INFO:root:KP745676.1	99.852	6753	2	6754	71282	64530	12416	0.0	KP745676.1 Human herpesvirus 5 strain BE/28/2010	[' complete genome']
INFO:root:MT044477.1	99.852	6751	4	6754	71068	64318	12412	0.0	MT044477.1 Human betaherpesvirus 5 strain GLA-SOT4	[' complete genome']
INFO:root:KP745642.1	99.837	6753	2	6754	71123	64371	12410	0.0	KP745642.1 Human herpesvirus 5 strain CZ/1/2012	[' complete genome']
INFO:root:KP745665.1	99.837	6753	2	6754	71212	64460	12410	0.0	KP745665.1 Human herpesvirus 5 strain BE/16/2012	[' complete genome']
